{"/Users/youngjun827/dev/portfolio/src/App.tsx": {"path":"/Users/youngjun827/dev/portfolio/src/App.tsx","statementMap":{"0":{"start":{"line":9,"column":12},"end":{"line":22,"column":1}},"1":{"start":{"line":10,"column":2},"end":{"line":10,"column":26}},"2":{"start":{"line":12,"column":2},"end":{"line":21,"column":4}}},"fnMap":{"0":{"name":"(anonymous_0)","decl":{"start":{"line":9,"column":12},"end":{"line":9,"column":13}},"loc":{"start":{"line":9,"column":18},"end":{"line":22,"column":1}},"line":9},"1":{"name":"(anonymous_1)","decl":{"start":{"line":10,"column":12},"end":{"line":10,"column":13}},"loc":{"start":{"line":10,"column":18},"end":{"line":10,"column":20}},"line":10}},"branchMap":{},"s":{"0":1,"1":2,"2":2},"f":{"0":2,"1":2},"b":{},"_coverageSchema":"1a1c01bbd47fc00a2c39e90264f33305004495a9","hash":"e05d807daa14395ac7882e0685158c4535758e86"}
,"/Users/youngjun827/dev/portfolio/src/components/About.tsx": {"path":"/Users/youngjun827/dev/portfolio/src/components/About.tsx","statementMap":{"0":{"start":{"line":3,"column":14},"end":{"line":37,"column":1}},"1":{"start":{"line":4,"column":2},"end":{"line":36,"column":4}}},"fnMap":{"0":{"name":"(anonymous_0)","decl":{"start":{"line":3,"column":14},"end":{"line":3,"column":15}},"loc":{"start":{"line":3,"column":20},"end":{"line":37,"column":1}},"line":3}},"branchMap":{},"s":{"0":2,"1":3},"f":{"0":3},"b":{},"_coverageSchema":"1a1c01bbd47fc00a2c39e90264f33305004495a9","hash":"6708404e1ce34a6a1eba470f9f0dced906656edd"}
,"/Users/youngjun827/dev/portfolio/src/components/Footer.tsx": {"path":"/Users/youngjun827/dev/portfolio/src/components/Footer.tsx","statementMap":{"0":{"start":{"line":6,"column":23},"end":{"line":19,"column":1}},"1":{"start":{"line":7,"column":2},"end":{"line":18,"column":3}},"2":{"start":{"line":9,"column":6},"end":{"line":9,"column":38}},"3":{"start":{"line":11,"column":6},"end":{"line":11,"column":36}},"4":{"start":{"line":13,"column":6},"end":{"line":13,"column":41}},"5":{"start":{"line":15,"column":6},"end":{"line":15,"column":37}},"6":{"start":{"line":17,"column":6},"end":{"line":17,"column":18}},"7":{"start":{"line":21,"column":15},"end":{"line":52,"column":1}},"8":{"start":{"line":22,"column":2},"end":{"line":51,"column":4}},"9":{"start":{"line":29,"column":10},"end":{"line":40,"column":14}}},"fnMap":{"0":{"name":"(anonymous_0)","decl":{"start":{"line":6,"column":23},"end":{"line":6,"column":24}},"loc":{"start":{"line":6,"column":42},"end":{"line":19,"column":1}},"line":6},"1":{"name":"(anonymous_1)","decl":{"start":{"line":21,"column":15},"end":{"line":21,"column":16}},"loc":{"start":{"line":21,"column":21},"end":{"line":52,"column":1}},"line":21},"2":{"name":"(anonymous_2)","decl":{"start":{"line":28,"column":25},"end":{"line":28,"column":26}},"loc":{"start":{"line":29,"column":10},"end":{"line":40,"column":14}},"line":29}},"branchMap":{"0":{"loc":{"start":{"line":7,"column":2},"end":{"line":18,"column":3}},"type":"switch","locations":[{"start":{"line":8,"column":4},"end":{"line":9,"column":38}},{"start":{"line":10,"column":4},"end":{"line":11,"column":36}},{"start":{"line":12,"column":4},"end":{"line":13,"column":41}},{"start":{"line":14,"column":4},"end":{"line":15,"column":37}},{"start":{"line":16,"column":4},"end":{"line":17,"column":18}}],"line":7}},"s":{"0":2,"1":12,"2":3,"3":3,"4":3,"5":3,"6":0,"7":2,"8":3,"9":12},"f":{"0":12,"1":3,"2":12},"b":{"0":[3,3,3,3,0]},"_coverageSchema":"1a1c01bbd47fc00a2c39e90264f33305004495a9","hash":"c846004f88c967785e18d516d6bc65b0585f2414"}
,"/Users/youngjun827/dev/portfolio/src/components/NavBar.tsx": {"path":"/Users/youngjun827/dev/portfolio/src/components/NavBar.tsx","statementMap":{"0":{"start":{"line":4,"column":15},"end":{"line":30,"column":1}},"1":{"start":{"line":5,"column":2},"end":{"line":29,"column":4}},"2":{"start":{"line":12,"column":10},"end":{"line":25,"column":15}}},"fnMap":{"0":{"name":"(anonymous_0)","decl":{"start":{"line":4,"column":15},"end":{"line":4,"column":16}},"loc":{"start":{"line":4,"column":21},"end":{"line":30,"column":1}},"line":4},"1":{"name":"(anonymous_1)","decl":{"start":{"line":11,"column":25},"end":{"line":11,"column":26}},"loc":{"start":{"line":12,"column":10},"end":{"line":25,"column":15}},"line":12}},"branchMap":{},"s":{"0":2,"1":3,"2":12},"f":{"0":3,"1":12},"b":{},"_coverageSchema":"1a1c01bbd47fc00a2c39e90264f33305004495a9","hash":"cbe487734e805fac429d5eefc876525c65688d4e"}
,"/Users/youngjun827/dev/portfolio/src/components/Navigation.tsx": {"path":"/Users/youngjun827/dev/portfolio/src/components/Navigation.tsx","statementMap":{"0":{"start":{"line":6,"column":19},"end":{"line":16,"column":1}},"1":{"start":{"line":7,"column":2},"end":{"line":15,"column":4}}},"fnMap":{"0":{"name":"(anonymous_0)","decl":{"start":{"line":6,"column":19},"end":{"line":6,"column":20}},"loc":{"start":{"line":6,"column":25},"end":{"line":16,"column":1}},"line":6}},"branchMap":{},"s":{"0":3,"1":4},"f":{"0":4},"b":{},"_coverageSchema":"1a1c01bbd47fc00a2c39e90264f33305004495a9","hash":"cbbb8c88218dab62a71bb5d102d397da9f8b1831"}
,"/Users/youngjun827/dev/portfolio/src/components/Skills.tsx": {"path":"/Users/youngjun827/dev/portfolio/src/components/Skills.tsx","statementMap":{"0":{"start":{"line":4,"column":15},"end":{"line":38,"column":1}},"1":{"start":{"line":5,"column":2},"end":{"line":37,"column":4}},"2":{"start":{"line":22,"column":12},"end":{"line":32,"column":18}}},"fnMap":{"0":{"name":"(anonymous_0)","decl":{"start":{"line":4,"column":15},"end":{"line":4,"column":16}},"loc":{"start":{"line":4,"column":21},"end":{"line":38,"column":1}},"line":4},"1":{"name":"(anonymous_1)","decl":{"start":{"line":21,"column":26},"end":{"line":21,"column":27}},"loc":{"start":{"line":22,"column":12},"end":{"line":32,"column":18}},"line":22}},"branchMap":{},"s":{"0":2,"1":3,"2":24},"f":{"0":3,"1":24},"b":{},"_coverageSchema":"1a1c01bbd47fc00a2c39e90264f33305004495a9","hash":"94f5bb5c7ae1d963a73d6bf9ae856bc6d433ca5d"}
,"/Users/youngjun827/dev/portfolio/src/components/Home/Computer.tsx": {"path":"/Users/youngjun827/dev/portfolio/src/components/Home/Computer.tsx","statementMap":{"0":{"start":{"line":10,"column":17},"end":{"line":194,"column":1}},"1":{"start":{"line":11,"column":16},"end":{"line":11,"column":42}},"2":{"start":{"line":12,"column":43},"end":{"line":14,"column":28}},"3":{"start":{"line":16,"column":25},"end":{"line":16,"column":58}},"4":{"start":{"line":18,"column":22},"end":{"line":18,"column":73}},"5":{"start":{"line":20,"column":2},"end":{"line":24,"column":16}},"6":{"start":{"line":21,"column":4},"end":{"line":23,"column":5}},"7":{"start":{"line":22,"column":6},"end":{"line":22,"column":31}},"8":{"start":{"line":26,"column":2},"end":{"line":193,"column":4}},"9":{"start":{"line":197,"column":0},"end":{"line":197,"column":34}}},"fnMap":{"0":{"name":"(anonymous_0)","decl":{"start":{"line":10,"column":17},"end":{"line":10,"column":18}},"loc":{"start":{"line":10,"column":35},"end":{"line":194,"column":1}},"line":10},"1":{"name":"(anonymous_1)","decl":{"start":{"line":20,"column":12},"end":{"line":20,"column":13}},"loc":{"start":{"line":20,"column":18},"end":{"line":24,"column":3}},"line":20}},"branchMap":{"0":{"loc":{"start":{"line":21,"column":4},"end":{"line":23,"column":5}},"type":"if","locations":[{"start":{"line":21,"column":4},"end":{"line":23,"column":5}},{"start":{},"end":{}}],"line":21}},"s":{"0":2,"1":0,"2":0,"3":0,"4":0,"5":0,"6":0,"7":0,"8":0,"9":2},"f":{"0":0,"1":0},"b":{"0":[0,0]},"_coverageSchema":"1a1c01bbd47fc00a2c39e90264f33305004495a9","hash":"95e2e004b586392ea6b8b3d7c18023f65ad597c4"}
,"/Users/youngjun827/dev/portfolio/src/components/Home/Home.tsx": {"path":"/Users/youngjun827/dev/portfolio/src/components/Home/Home.tsx","statementMap":{"0":{"start":{"line":9,"column":13},"end":{"line":62,"column":1}},"1":{"start":{"line":10,"column":2},"end":{"line":61,"column":4}}},"fnMap":{"0":{"name":"(anonymous_0)","decl":{"start":{"line":9,"column":13},"end":{"line":9,"column":14}},"loc":{"start":{"line":9,"column":19},"end":{"line":62,"column":1}},"line":9}},"branchMap":{},"s":{"0":2,"1":3},"f":{"0":3},"b":{},"_coverageSchema":"1a1c01bbd47fc00a2c39e90264f33305004495a9","hash":"f91c14b52feb216b6a08573f17ca7de35489e799"}
,"/Users/youngjun827/dev/portfolio/src/components/Work/Project.tsx": {"path":"/Users/youngjun827/dev/portfolio/src/components/Work/Project.tsx","statementMap":{"0":{"start":{"line":9,"column":40},"end":{"line":27,"column":1}},"1":{"start":{"line":10,"column":2},"end":{"line":26,"column":8}}},"fnMap":{"0":{"name":"(anonymous_0)","decl":{"start":{"line":9,"column":40},"end":{"line":9,"column":41}},"loc":{"start":{"line":10,"column":2},"end":{"line":26,"column":8}},"line":10}},"branchMap":{},"s":{"0":3,"1":6},"f":{"0":6},"b":{},"_coverageSchema":"1a1c01bbd47fc00a2c39e90264f33305004495a9","hash":"2a4bcaa0626daaa13fb94129e575b365d6e79537"}
,"/Users/youngjun827/dev/portfolio/src/components/Work/Work.tsx": {"path":"/Users/youngjun827/dev/portfolio/src/components/Work/Work.tsx","statementMap":{"0":{"start":{"line":5,"column":13},"end":{"line":38,"column":1}},"1":{"start":{"line":6,"column":2},"end":{"line":37,"column":4}}},"fnMap":{"0":{"name":"(anonymous_0)","decl":{"start":{"line":5,"column":13},"end":{"line":5,"column":14}},"loc":{"start":{"line":5,"column":19},"end":{"line":38,"column":1}},"line":5}},"branchMap":{},"s":{"0":2,"1":3},"f":{"0":3},"b":{},"_coverageSchema":"1a1c01bbd47fc00a2c39e90264f33305004495a9","hash":"7b74658ec2ccba5bd3f41d61db2734bb4d15e0e9"}
,"/Users/youngjun827/dev/portfolio/src/data/CommonData.tsx": {"path":"/Users/youngjun827/dev/portfolio/src/data/CommonData.tsx","statementMap":{"0":{"start":{"line":10,"column":42},"end":{"line":35,"column":1}}},"fnMap":{},"branchMap":{},"s":{"0":3},"f":{},"b":{},"_coverageSchema":"1a1c01bbd47fc00a2c39e90264f33305004495a9","hash":"c1692e586a0604214fda5669787e6a6436f476fe"}
,"/Users/youngjun827/dev/portfolio/src/data/skillsData.ts": {"path":"/Users/youngjun827/dev/portfolio/src/data/skillsData.ts","statementMap":{"0":{"start":{"line":11,"column":38},"end":{"line":20,"column":1}}},"fnMap":{},"branchMap":{},"s":{"0":2},"f":{},"b":{},"_coverageSchema":"1a1c01bbd47fc00a2c39e90264f33305004495a9","hash":"f68b89545504e55d0f0bc46bdd01d2d3256e3088"}
}
